<?xml version="1.0" encoding="UTF-8"?>
<testsuite name="InvenoryPage" tests="3" skipped="0" failures="0" errors="0" timestamp="2023-01-15T14:45:04" hostname="LAPTOP-5H0LGBS9" time="8.886">
  <properties/>
  <testcase name="removeItemInBasket()" classname="InvenoryPage" time="6.171"/>
  <testcase name="checkCountItem()" classname="InvenoryPage" time="0.344"/>
  <testcase name="addItemInBasket()" classname="InvenoryPage" time="2.366"/>
  <system-out><![CDATA[]]></system-out>
  <system-err><![CDATA[Starting ChromeDriver 109.0.5414.74 (e7c5703604daa9cc128ccf5a5d3e993513758913-refs/branch-heads/5414@{#1172}) on port 46065
Only local connections are allowed.
Please see https://chromedriver.chromium.org/security-considerations for suggestions on keeping ChromeDriver safe.
ChromeDriver was started successfully.
янв. 15, 2023 5:45:06 PM org.openqa.selenium.remote.ProtocolHandshake createSession
INFO: Detected dialect: W3C
]]></system-err>
</testsuite>
